<?xml version="1.0" encoding="UTF-8"?>
<testng-results ignored="0" total="1" passed="1" failed="0" skipped="0">
  <reporter-output>
  </reporter-output>
  <suite started-at="2021-08-04T15:46:10 IST" name="Default suite" finished-at="2021-08-04T15:46:19 IST" duration-ms="8923">
    <groups>
    </groups>
    <test started-at="2021-08-04T15:46:10 IST" name="Default test" finished-at="2021-08-04T15:46:19 IST" duration-ms="8923">
      <class name="com.cjc.Register">
        <test-method is-config="true" signature="openBrowser()[pri:0, instance:com.cjc.Register@506ae4d4]" started-at="2021-08-04T15:46:07 IST" name="openBrowser" finished-at="2021-08-04T15:46:10 IST" duration-ms="2651" status="PASS">
          <reporter-output>
          </reporter-output>
        </test-method> <!-- openBrowser -->
        <test-method is-config="true" signature="maximisrbro()[pri:0, instance:com.cjc.Register@506ae4d4]" started-at="2021-08-04T15:46:10 IST" name="maximisrbro" finished-at="2021-08-04T15:46:10 IST" duration-ms="144" status="PASS">
          <reporter-output>
          </reporter-output>
        </test-method> <!-- maximisrbro -->
        <test-method is-config="true" signature="enterurl()[pri:0, instance:com.cjc.Register@506ae4d4]" started-at="2021-08-04T15:46:10 IST" name="enterurl" finished-at="2021-08-04T15:46:13 IST" duration-ms="3317" status="PASS">
          <reporter-output>
          </reporter-output>
        </test-method> <!-- enterurl -->
        <test-method is-config="true" signature="msg()[pri:0, instance:com.cjc.Register@506ae4d4]" started-at="2021-08-04T15:46:13 IST" name="msg" finished-at="2021-08-04T15:46:13 IST" duration-ms="1" status="PASS">
          <reporter-output>
          </reporter-output>
        </test-method> <!-- msg -->
        <test-method signature="register()[pri:0, instance:com.cjc.Register@506ae4d4]" started-at="2021-08-04T15:46:13 IST" name="register" finished-at="2021-08-04T15:46:18 IST" duration-ms="4903" status="PASS">
          <reporter-output>
          </reporter-output>
        </test-method> <!-- register -->
        <test-method is-config="true" signature="capturescreenshot()[pri:0, instance:com.cjc.Register@506ae4d4]" started-at="2021-08-04T15:46:18 IST" name="capturescreenshot" finished-at="2021-08-04T15:46:18 IST" duration-ms="284" status="PASS">
          <reporter-output>
          </reporter-output>
        </test-method> <!-- capturescreenshot -->
        <test-method is-config="true" signature="deletecookie()[pri:0, instance:com.cjc.Register@506ae4d4]" started-at="2021-08-04T15:46:18 IST" name="deletecookie" finished-at="2021-08-04T15:46:18 IST" duration-ms="0" status="PASS">
          <reporter-output>
          </reporter-output>
        </test-method> <!-- deletecookie -->
        <test-method is-config="true" signature="conclose()[pri:0, instance:com.cjc.Register@506ae4d4]" started-at="2021-08-04T15:46:18 IST" name="conclose" finished-at="2021-08-04T15:46:19 IST" duration-ms="205" status="PASS">
          <reporter-output>
          </reporter-output>
        </test-method> <!-- conclose -->
        <test-method is-config="true" signature="closedriver()[pri:0, instance:com.cjc.Register@506ae4d4]" started-at="2021-08-04T15:46:19 IST" name="closedriver" finished-at="2021-08-04T15:46:19 IST" duration-ms="565" status="PASS">
          <reporter-output>
          </reporter-output>
        </test-method> <!-- closedriver -->
      </class> <!-- com.cjc.Register -->
    </test> <!-- Default test -->
  </suite> <!-- Default suite -->
</testng-results>
